<?xml version="1.0" encoding="UTF-8"?>
<!-- Generated by org.testng.reporters.JUnitReportReporter -->
<testsuite hostname="lin73001297" failures="0" tests="1" name="test.NewTest" time="0.955" errors="0" timestamp="2022-10-06T14:37:21 IST" skipped="0">
  <testcase classname="test.NewTest" name="f" time="0.955"/>
  <system-out/>
</testsuite> <!-- test.NewTest -->
